2014-01-28 17:33:36 [INFO] Starting minecraft server version 1.6.4
2014-01-28 17:33:38 [INFO] Loading properties
2014-01-28 17:33:38 [WARNING] server.properties does not exist
2014-01-28 17:33:38 [INFO] Generating new properties file
2014-01-28 17:33:38 [INFO] Default game type: SURVIVAL
2014-01-28 17:33:38 [INFO] Generating keypair
2014-01-28 17:33:39 [INFO] Starting Minecraft server on *:25565
2014-01-28 17:33:39 [WARNING] Failed to load operators list: java.io.FileNotFoundException: ./ops.txt (No such file or directory)
2014-01-28 17:33:39 [WARNING] Failed to load white-list: java.io.FileNotFoundException: ./white-list.txt (No such file or directory)
2014-01-28 17:33:39 [INFO] Preparing level "world"
2014-01-28 17:33:41 [INFO] Preparing start region for level 0
2014-01-28 17:33:41 [WARNING] Skipping Piece with id ViMystAH
2014-01-28 17:33:41 [WARNING] Skipping Piece with id TConstruct:ToolWorkshopStructure
2014-01-28 17:33:41 [WARNING] Skipping Piece with id TConstruct:ToolWorkshopStructure
2014-01-28 17:33:41 [WARNING] Skipping TileEntity with id forestry.Swarm
2014-01-28 17:33:41 [WARNING] Skipping TileEntity with id forestry.Swarm
2014-01-28 17:33:42 [WARNING] Skipping TileEntity with id forestry.Swarm
2014-01-28 17:33:42 [WARNING] Skipping TileEntity with id TileNode
2014-01-28 17:33:42 [SEVERE] Item entity 186 has no item?!
2014-01-28 17:33:42 [WARNING] Skipping TileEntity with id TileNode
2014-01-28 17:33:42 [SEVERE] Item entity 211 has no item?!
2014-01-28 17:33:42 [WARNING] Skipping TileEntity with id TileNode
2014-01-28 17:33:42 [INFO] Preparing spawn area: 44%
2014-01-28 17:33:42 [WARNING] Skipping TileEntity with id TileNode
2014-01-28 17:33:42 [WARNING] Skipping TileEntity with id forestry.Swarm
2014-01-28 17:33:42 [WARNING] Skipping TileEntity with id TileNode
2014-01-28 17:33:42 [WARNING] Skipping TileEntity with id forestry.Swarm
2014-01-28 17:33:42 [WARNING] Skipping TileEntity with id TileNode
2014-01-28 17:33:42 [WARNING] Skipping TileEntity with id forestry.Swarm
2014-01-28 17:33:42 [WARNING] Skipping TileEntity with id TileNode
2014-01-28 17:33:42 [WARNING] Skipping TileEntity with id forestry.Swarm
2014-01-28 17:33:42 [WARNING] Skipping TileEntity with id TileNode
2014-01-28 17:33:42 [WARNING] Skipping TileEntity with id forestry.Swarm
2014-01-28 17:33:42 [WARNING] Skipping TileEntity with id forestry.Swarm
2014-01-28 17:33:42 [WARNING] Skipping TileEntity with id forestry.Swarm
2014-01-28 17:33:42 [WARNING] Skipping TileEntity with id TileNode
2014-01-28 17:33:42 [WARNING] Skipping TileEntity with id TileNode
2014-01-28 17:33:42 [WARNING] Skipping TileEntity with id TileNode
2014-01-28 17:33:42 [WARNING] Skipping TileEntity with id TileNode
2014-01-28 17:33:42 [WARNING] Skipping TileEntity with id forestry.Swarm
2014-01-28 17:33:42 [INFO] Done (2.825s)! For help, type "help" or "?"
2014-01-28 17:37:57 [SEVERE] Reached end of stream for /24.100.9.32
2014-01-28 17:38:52 [SEVERE] Reached end of stream for /173.18.29.255
2014-01-28 17:38:57 [INFO] jmac217[/173.18.29.255:45352] logged in with entity id 329 at (-262.5, 67.0, -201.5)
2014-01-28 17:38:57 [SEVERE] Reached end of stream for /173.18.29.255
2014-01-28 17:38:57 [INFO] jmac217 joined the game
2014-01-28 17:38:57 [INFO] jmac217 lost connection: disconnect.endOfStream
2014-01-28 17:38:57 [INFO] jmac217 left the game
2014-01-28 17:38:57 [INFO] jmac217 lost connection: disconnect.endOfStream
2014-01-28 17:38:57 [INFO] jmac217 left the game
2014-01-28 17:39:06 [INFO] Jack9200[/24.100.9.32:49353] logged in with entity id 330 at (-253.5, 66.0, -211.5)
2014-01-28 17:39:06 [INFO] Jack9200 joined the game
2014-01-28 17:39:06 [SEVERE] Reached end of stream for /24.100.9.32
2014-01-28 17:39:06 [INFO] Jack9200 lost connection: disconnect.endOfStream
2014-01-28 17:39:06 [INFO] Jack9200 left the game
2014-01-28 17:39:06 [INFO] Jack9200 lost connection: disconnect.endOfStream
2014-01-28 17:39:06 [INFO] Jack9200 left the game
2014-01-28 17:40:03 [INFO] Unknown command. Try /help for a list of commands
2014-01-28 17:40:16 [INFO] Stopping server
